2026-03-20 21:48:27,662 - INFO - Starting TradingView strategy scraper
2026-03-20 21:48:27,662 - INFO - Config - Min boosts: 0, Page delay: 3.0s, Max pages: All
2026-03-20 21:48:27,662 - INFO - Loaded 0 existing strategies
2026-03-20 21:48:28,431 - INFO - Navigating to https://www.tradingview.com/scripts/?script_type=strategies
2026-03-20 21:48:57,314 - INFO - Scraping page 1/100
2026-03-20 21:49:03,171 - INFO - Page 1: Found 24 strategies, 24 new
2026-03-20 21:49:03,172 - INFO - Waiting 3.0s before next page...
2026-03-20 21:49:06,172 - INFO - Scraping page 2/100
2026-03-20 21:49:12,159 - INFO - Page 2: Found 24 strategies, 24 new
2026-03-20 21:49:12,160 - INFO - Waiting 3.0s before next page...
2026-03-20 21:49:15,162 - INFO - Scraping page 3/100
2026-03-20 21:49:21,156 - INFO - Page 3: Found 24 strategies, 24 new
2026-03-20 21:49:21,158 - INFO - Waiting 3.0s before next page...
2026-03-20 21:49:24,158 - INFO - Scraping page 4/100
2026-03-20 21:49:30,109 - INFO - Page 4: Found 24 strategies, 24 new
2026-03-20 21:49:30,111 - INFO - Waiting 3.0s before next page...
2026-03-20 21:49:33,111 - INFO - Scraping page 5/100
2026-03-20 21:49:39,068 - INFO - Page 5: Found 24 strategies, 24 new
2026-03-20 21:49:39,071 - INFO - Waiting 3.0s before next page...
2026-03-20 21:49:42,071 - INFO - Scraping page 6/100
2026-03-20 21:49:48,016 - INFO - Page 6: Found 24 strategies, 24 new
2026-03-20 21:49:48,018 - INFO - Waiting 3.0s before next page...
2026-03-20 21:49:51,021 - INFO - Scraping page 7/100
2026-03-20 21:49:56,983 - INFO - Page 7: Found 24 strategies, 24 new
2026-03-20 21:49:56,986 - INFO - Waiting 3.0s before next page...
2026-03-20 21:49:59,988 - INFO - Scraping page 8/100
2026-03-20 21:50:05,937 - INFO - Page 8: Found 24 strategies, 24 new
2026-03-20 21:50:05,941 - INFO - Waiting 3.0s before next page...
2026-03-20 21:50:08,946 - INFO - Scraping page 9/100
2026-03-20 21:50:14,890 - INFO - Page 9: Found 24 strategies, 24 new
2026-03-20 21:50:14,895 - INFO - Waiting 3.0s before next page...
2026-03-20 21:50:17,897 - INFO - Scraping page 10/100
2026-03-20 21:50:23,860 - INFO - Page 10: Found 24 strategies, 24 new
2026-03-20 21:50:23,864 - INFO - Waiting 3.0s before next page...
2026-03-20 21:50:26,866 - INFO - Scraping page 11/100
2026-03-20 21:50:32,865 - INFO - Page 11: Found 24 strategies, 24 new
2026-03-20 21:50:32,871 - INFO - Waiting 3.0s before next page...
2026-03-20 21:50:35,872 - INFO - Scraping page 12/100
2026-03-20 21:50:41,865 - INFO - Page 12: Found 24 strategies, 24 new
2026-03-20 21:50:41,871 - INFO - Waiting 3.0s before next page...
2026-03-20 21:50:44,873 - INFO - Scraping page 13/100
2026-03-20 21:50:50,898 - INFO - Page 13: Found 24 strategies, 24 new
2026-03-20 21:50:50,904 - INFO - Waiting 3.0s before next page...
2026-03-20 21:50:53,906 - INFO - Scraping page 14/100
2026-03-20 21:50:59,881 - INFO - Page 14: Found 24 strategies, 24 new
2026-03-20 21:50:59,888 - INFO - Waiting 3.0s before next page...
2026-03-20 21:51:02,890 - INFO - Scraping page 15/100
2026-03-20 21:51:08,828 - INFO - Page 15: Found 24 strategies, 24 new
2026-03-20 21:51:08,835 - INFO - Waiting 3.0s before next page...
2026-03-20 21:51:11,837 - INFO - Scraping page 16/100
2026-03-20 21:51:17,801 - INFO - Page 16: Found 24 strategies, 24 new
2026-03-20 21:51:17,809 - INFO - Waiting 3.0s before next page...
2026-03-20 21:51:20,811 - INFO - Scraping page 17/100
2026-03-20 21:51:26,778 - INFO - Page 17: Found 24 strategies, 24 new
2026-03-20 21:51:26,786 - INFO - Waiting 3.0s before next page...
2026-03-20 21:51:29,787 - INFO - Scraping page 18/100
2026-03-20 21:51:35,737 - INFO - Page 18: Found 24 strategies, 24 new
2026-03-20 21:51:35,746 - INFO - Waiting 3.0s before next page...
2026-03-20 21:51:38,747 - INFO - Scraping page 19/100
2026-03-20 21:51:44,681 - INFO - Page 19: Found 24 strategies, 24 new
2026-03-20 21:51:44,690 - INFO - Waiting 3.0s before next page...
2026-03-20 21:51:47,690 - INFO - Scraping page 20/100
2026-03-20 21:51:53,721 - INFO - Page 20: Found 24 strategies, 24 new
2026-03-20 21:51:53,730 - INFO - Waiting 3.0s before next page...
2026-03-20 21:51:56,732 - INFO - Scraping page 21/100
2026-03-20 21:52:02,657 - INFO - Page 21: Found 24 strategies, 24 new
2026-03-20 21:52:02,666 - INFO - Waiting 3.0s before next page...
2026-03-20 21:52:05,669 - INFO - Scraping page 22/100
2026-03-20 21:52:11,634 - INFO - Page 22: Found 24 strategies, 24 new
2026-03-20 21:52:11,645 - INFO - Waiting 3.0s before next page...
2026-03-20 21:52:14,647 - INFO - Scraping page 23/100
2026-03-20 21:52:20,624 - INFO - Page 23: Found 24 strategies, 24 new
2026-03-20 21:52:20,635 - INFO - Waiting 3.0s before next page...
2026-03-20 21:52:23,636 - INFO - Scraping page 24/100
2026-03-20 21:52:29,618 - INFO - Page 24: Found 24 strategies, 24 new
2026-03-20 21:52:29,630 - INFO - Waiting 3.0s before next page...
2026-03-20 21:52:32,632 - INFO - Scraping page 25/100
2026-03-20 21:52:38,575 - INFO - Page 25: Found 24 strategies, 24 new
2026-03-20 21:52:38,587 - INFO - Waiting 3.0s before next page...
2026-03-20 21:52:41,588 - INFO - Scraping page 26/100
2026-03-20 21:52:47,523 - INFO - Page 26: Found 24 strategies, 24 new
2026-03-20 21:52:47,539 - INFO - Waiting 3.0s before next page...
2026-03-20 21:52:50,542 - INFO - Scraping page 27/100
2026-03-20 21:52:56,496 - INFO - Page 27: Found 24 strategies, 24 new
2026-03-20 21:52:56,509 - INFO - Waiting 3.0s before next page...
2026-03-20 21:52:59,511 - INFO - Scraping page 28/100
2026-03-20 21:53:05,515 - INFO - Page 28: Found 24 strategies, 24 new
2026-03-20 21:53:05,528 - INFO - Waiting 3.0s before next page...
2026-03-20 21:53:08,531 - INFO - Scraping page 29/100
2026-03-20 21:53:14,506 - INFO - Page 29: Found 24 strategies, 24 new
2026-03-20 21:53:14,520 - INFO - Waiting 3.0s before next page...
2026-03-20 21:53:17,523 - INFO - Scraping page 30/100
2026-03-20 21:53:23,479 - INFO - Page 30: Found 24 strategies, 24 new
2026-03-20 21:53:23,494 - INFO - Waiting 3.0s before next page...
2026-03-20 21:53:26,495 - INFO - Scraping page 31/100
2026-03-20 21:53:32,436 - INFO - Page 31: Found 24 strategies, 24 new
2026-03-20 21:53:32,451 - INFO - Waiting 3.0s before next page...
2026-03-20 21:53:35,453 - INFO - Scraping page 32/100
2026-03-20 21:53:41,535 - INFO - Page 32: Found 24 strategies, 24 new
2026-03-20 21:53:41,550 - INFO - Waiting 3.0s before next page...
2026-03-20 21:53:44,552 - INFO - Scraping page 33/100
2026-03-20 21:53:50,544 - INFO - Page 33: Found 24 strategies, 24 new
2026-03-20 21:53:50,566 - INFO - Waiting 3.0s before next page...
2026-03-20 21:53:53,568 - INFO - Scraping page 34/100
2026-03-20 21:53:59,533 - INFO - Page 34: Found 24 strategies, 24 new
2026-03-20 21:53:59,549 - INFO - Waiting 3.0s before next page...
2026-03-20 21:54:02,550 - INFO - Scraping page 35/100
2026-03-20 21:54:08,535 - INFO - Page 35: Found 24 strategies, 24 new
2026-03-20 21:54:08,552 - INFO - Waiting 3.0s before next page...
2026-03-20 21:54:11,553 - INFO - Scraping page 36/100
2026-03-20 21:54:17,497 - INFO - Page 36: Found 24 strategies, 24 new
2026-03-20 21:54:17,518 - INFO - Waiting 3.0s before next page...
2026-03-20 21:54:20,520 - INFO - Scraping page 37/100
2026-03-20 21:54:26,512 - INFO - Page 37: Found 24 strategies, 24 new
2026-03-20 21:54:26,532 - INFO - Waiting 3.0s before next page...
2026-03-20 21:54:29,534 - INFO - Scraping page 38/100
2026-03-20 21:54:35,475 - INFO - Page 38: Found 24 strategies, 24 new
2026-03-20 21:54:35,495 - INFO - Waiting 3.0s before next page...
2026-03-20 21:54:38,497 - INFO - Scraping page 39/100
2026-03-20 21:54:44,431 - INFO - Page 39: Found 24 strategies, 24 new
2026-03-20 21:54:44,454 - INFO - Waiting 3.0s before next page...
2026-03-20 21:54:47,456 - INFO - Scraping page 40/100
2026-03-20 21:54:53,346 - INFO - Page 40: Found 24 strategies, 24 new
2026-03-20 21:54:53,366 - INFO - Waiting 3.0s before next page...
2026-03-20 21:54:56,368 - INFO - Scraping page 41/100
2026-03-20 21:55:02,363 - INFO - Page 41: Found 24 strategies, 24 new
2026-03-20 21:55:02,383 - INFO - Waiting 3.0s before next page...
2026-03-20 21:55:05,383 - INFO - Scraping page 42/100
2026-03-20 21:55:11,146 - INFO - Page 42: Found 16 strategies, 16 new
2026-03-20 21:55:11,166 - INFO - Waiting 3.0s before next page...
2026-03-20 21:55:14,168 - INFO - Scraping page 43/100
2026-03-20 21:55:20,174 - INFO - Page 43: Found 24 strategies, 0 new
2026-03-20 21:55:20,174 - INFO - Waiting 3.0s before next page...
2026-03-20 21:55:23,175 - INFO - Scraping page 44/100
2026-03-20 21:55:29,100 - INFO - Page 44: Found 24 strategies, 0 new
2026-03-20 21:55:29,100 - INFO - Waiting 3.0s before next page...
2026-03-20 21:55:32,102 - INFO - Scraping page 45/100
2026-03-20 21:55:38,016 - INFO - Page 45: Found 24 strategies, 0 new
2026-03-20 21:55:38,016 - INFO - Waiting 3.0s before next page...
2026-03-20 21:55:41,018 - INFO - Scraping page 46/100
2026-03-20 21:55:46,925 - INFO - Page 46: Found 24 strategies, 0 new
2026-03-20 21:55:46,925 - INFO - Waiting 3.0s before next page...
2026-03-20 21:55:49,927 - INFO - Scraping page 47/100
2026-03-20 21:55:55,819 - INFO - Page 47: Found 24 strategies, 0 new
2026-03-20 21:55:55,819 - INFO - Waiting 3.0s before next page...
2026-03-20 21:55:58,821 - INFO - Scraping page 48/100
2026-03-20 21:56:04,750 - INFO - Page 48: Found 24 strategies, 0 new
2026-03-20 21:56:04,750 - INFO - Waiting 3.0s before next page...
2026-03-20 21:56:07,752 - INFO - Scraping page 49/100
2026-03-20 21:56:13,682 - INFO - Page 49: Found 24 strategies, 0 new
2026-03-20 21:56:13,682 - INFO - Waiting 3.0s before next page...
2026-03-20 21:56:16,683 - INFO - Scraping page 50/100
2026-03-20 21:56:22,623 - INFO - Page 50: Found 24 strategies, 0 new
2026-03-20 21:56:22,623 - INFO - Waiting 3.0s before next page...
2026-03-20 21:56:25,623 - INFO - Scraping page 51/100
2026-03-20 21:56:31,523 - INFO - Page 51: Found 24 strategies, 0 new
2026-03-20 21:56:31,523 - INFO - Waiting 3.0s before next page...
2026-03-20 21:56:34,524 - INFO - Scraping page 52/100
2026-03-20 21:56:40,390 - INFO - Page 52: Found 24 strategies, 0 new
2026-03-20 21:56:40,390 - INFO - Waiting 3.0s before next page...
2026-03-20 21:56:43,392 - INFO - Scraping page 53/100
2026-03-20 21:56:49,281 - INFO - Page 53: Found 24 strategies, 0 new
2026-03-20 21:56:49,281 - INFO - Waiting 3.0s before next page...
2026-03-20 21:56:52,281 - INFO - Scraping page 54/100
2026-03-20 21:56:58,154 - INFO - Page 54: Found 24 strategies, 0 new
2026-03-20 21:56:58,154 - INFO - Waiting 3.0s before next page...
2026-03-20 21:57:01,156 - INFO - Scraping page 55/100
2026-03-20 21:57:07,030 - INFO - Page 55: Found 24 strategies, 0 new
2026-03-20 21:57:07,030 - INFO - Waiting 3.0s before next page...
2026-03-20 21:57:10,032 - INFO - Scraping page 56/100
2026-03-20 21:57:15,934 - INFO - Page 56: Found 24 strategies, 0 new
2026-03-20 21:57:15,934 - INFO - Waiting 3.0s before next page...
2026-03-20 21:57:18,936 - INFO - Scraping page 57/100
2026-03-20 21:57:24,966 - INFO - Page 57: Found 24 strategies, 0 new
2026-03-20 21:57:24,966 - INFO - Waiting 3.0s before next page...
2026-03-20 21:57:27,968 - INFO - Scraping page 58/100
2026-03-20 21:57:33,865 - INFO - Page 58: Found 24 strategies, 0 new
2026-03-20 21:57:33,865 - INFO - Waiting 3.0s before next page...
2026-03-20 21:57:36,867 - INFO - Scraping page 59/100
2026-03-20 21:57:42,719 - INFO - Page 59: Found 24 strategies, 0 new
2026-03-20 21:57:42,719 - INFO - Waiting 3.0s before next page...
2026-03-20 21:57:45,721 - INFO - Scraping page 60/100
2026-03-20 21:57:51,586 - INFO - Page 60: Found 24 strategies, 0 new
2026-03-20 21:57:51,586 - INFO - Waiting 3.0s before next page...
2026-03-20 21:57:54,587 - INFO - Scraping page 61/100
2026-03-20 21:58:00,490 - INFO - Page 61: Found 24 strategies, 0 new
2026-03-20 21:58:00,490 - INFO - Waiting 3.0s before next page...
2026-03-20 21:58:03,490 - INFO - Scraping page 62/100
2026-03-20 21:58:09,393 - INFO - Page 62: Found 24 strategies, 0 new
2026-03-20 21:58:09,394 - INFO - Waiting 3.0s before next page...
2026-03-20 21:58:12,394 - INFO - Scraping page 63/100
2026-03-20 21:58:18,593 - INFO - Page 63: Found 24 strategies, 0 new
2026-03-20 21:58:18,594 - INFO - Waiting 3.0s before next page...
2026-03-20 21:58:21,596 - INFO - Scraping page 64/100
2026-03-20 21:58:27,467 - INFO - Page 64: Found 24 strategies, 0 new
2026-03-20 21:58:27,467 - INFO - Waiting 3.0s before next page...
2026-03-20 21:58:30,469 - INFO - Scraping page 65/100
2026-03-20 21:58:36,358 - INFO - Page 65: Found 24 strategies, 0 new
2026-03-20 21:58:36,358 - INFO - Waiting 3.0s before next page...
2026-03-20 21:58:39,360 - INFO - Scraping page 66/100
2026-03-20 21:58:45,283 - INFO - Page 66: Found 24 strategies, 0 new
2026-03-20 21:58:45,283 - INFO - Waiting 3.0s before next page...
2026-03-20 21:58:48,286 - INFO - Scraping page 67/100
2026-03-20 21:58:54,202 - INFO - Page 67: Found 24 strategies, 0 new
2026-03-20 21:58:54,202 - INFO - Waiting 3.0s before next page...
2026-03-20 21:58:57,204 - INFO - Scraping page 68/100
2026-03-20 21:59:03,078 - INFO - Page 68: Found 24 strategies, 0 new
2026-03-20 21:59:03,079 - INFO - Waiting 3.0s before next page...
2026-03-20 21:59:06,081 - INFO - Scraping page 69/100
2026-03-20 21:59:11,933 - INFO - Page 69: Found 24 strategies, 0 new
2026-03-20 21:59:11,933 - INFO - Waiting 3.0s before next page...
2026-03-20 21:59:14,935 - INFO - Scraping page 70/100
2026-03-20 21:59:20,823 - INFO - Page 70: Found 24 strategies, 0 new
2026-03-20 21:59:20,823 - INFO - Waiting 3.0s before next page...
2026-03-20 21:59:23,825 - INFO - Scraping page 71/100
2026-03-20 21:59:29,904 - INFO - Page 71: Found 24 strategies, 0 new
2026-03-20 21:59:29,904 - INFO - Waiting 3.0s before next page...
2026-03-20 21:59:32,907 - INFO - Scraping page 72/100
2026-03-20 21:59:38,838 - INFO - Page 72: Found 24 strategies, 0 new
2026-03-20 21:59:38,838 - INFO - Waiting 3.0s before next page...
2026-03-20 21:59:41,839 - INFO - Scraping page 73/100
2026-03-20 21:59:47,704 - INFO - Page 73: Found 24 strategies, 0 new
2026-03-20 21:59:47,704 - INFO - Waiting 3.0s before next page...
2026-03-20 21:59:50,706 - INFO - Scraping page 74/100
2026-03-20 21:59:56,594 - INFO - Page 74: Found 24 strategies, 0 new
2026-03-20 21:59:56,594 - INFO - Waiting 3.0s before next page...
2026-03-20 21:59:59,596 - INFO - Scraping page 75/100
2026-03-20 22:00:05,471 - INFO - Page 75: Found 24 strategies, 0 new
2026-03-20 22:00:05,471 - INFO - Waiting 3.0s before next page...
2026-03-20 22:00:08,472 - INFO - Scraping page 76/100
2026-03-20 22:00:14,371 - INFO - Page 76: Found 24 strategies, 0 new
2026-03-20 22:00:14,371 - INFO - Waiting 3.0s before next page...
2026-03-20 22:00:17,372 - INFO - Scraping page 77/100
2026-03-20 22:00:23,299 - INFO - Page 77: Found 24 strategies, 0 new
2026-03-20 22:00:23,299 - INFO - Waiting 3.0s before next page...
2026-03-20 22:00:26,301 - INFO - Scraping page 78/100
2026-03-20 22:00:32,202 - INFO - Page 78: Found 24 strategies, 0 new
2026-03-20 22:00:32,202 - INFO - Waiting 3.0s before next page...
2026-03-20 22:00:35,204 - INFO - Scraping page 79/100
2026-03-20 22:00:41,071 - INFO - Page 79: Found 24 strategies, 0 new
2026-03-20 22:00:41,071 - INFO - Waiting 3.0s before next page...
2026-03-20 22:00:44,073 - INFO - Scraping page 80/100
2026-03-20 22:00:49,933 - INFO - Page 80: Found 24 strategies, 0 new
2026-03-20 22:00:49,933 - INFO - Waiting 3.0s before next page...
2026-03-20 22:00:52,935 - INFO - Scraping page 81/100
2026-03-20 22:00:58,782 - INFO - Page 81: Found 24 strategies, 0 new
2026-03-20 22:00:58,782 - INFO - Waiting 3.0s before next page...
2026-03-20 22:01:01,784 - INFO - Scraping page 82/100
2026-03-20 22:01:07,721 - INFO - Page 82: Found 24 strategies, 0 new
2026-03-20 22:01:07,721 - INFO - Waiting 3.0s before next page...
2026-03-20 22:01:10,722 - INFO - Scraping page 83/100
2026-03-20 22:01:16,622 - INFO - Page 83: Found 24 strategies, 0 new
2026-03-20 22:01:16,622 - INFO - Waiting 3.0s before next page...
2026-03-20 22:01:19,623 - INFO - Scraping page 84/100
2026-03-20 22:01:25,666 - INFO - Page 84: Found 24 strategies, 0 new
2026-03-20 22:01:25,666 - INFO - Waiting 3.0s before next page...
2026-03-20 22:01:28,669 - INFO - Scraping page 85/100
2026-03-20 22:01:34,752 - INFO - Page 85: Found 24 strategies, 0 new
2026-03-20 22:01:34,753 - INFO - Waiting 3.0s before next page...
2026-03-20 22:01:37,755 - INFO - Scraping page 86/100
2026-03-20 22:01:43,678 - INFO - Page 86: Found 24 strategies, 0 new
2026-03-20 22:01:43,678 - INFO - Waiting 3.0s before next page...
2026-03-20 22:01:46,679 - INFO - Scraping page 87/100
2026-03-20 22:01:52,544 - INFO - Page 87: Found 24 strategies, 0 new
2026-03-20 22:01:52,544 - INFO - Waiting 3.0s before next page...
2026-03-20 22:01:55,546 - INFO - Scraping page 88/100
2026-03-20 22:02:01,451 - INFO - Page 88: Found 24 strategies, 0 new
2026-03-20 22:02:01,451 - INFO - Waiting 3.0s before next page...
2026-03-20 22:02:04,453 - INFO - Scraping page 89/100
2026-03-20 22:02:10,322 - INFO - Page 89: Found 24 strategies, 0 new
2026-03-20 22:02:10,322 - INFO - Waiting 3.0s before next page...
2026-03-20 22:02:13,324 - INFO - Scraping page 90/100
2026-03-20 22:02:19,192 - INFO - Page 90: Found 24 strategies, 0 new
2026-03-20 22:02:19,193 - INFO - Waiting 3.0s before next page...
2026-03-20 22:02:22,195 - INFO - Scraping page 91/100
2026-03-20 22:02:28,047 - INFO - Page 91: Found 24 strategies, 0 new
2026-03-20 22:02:28,047 - INFO - Waiting 3.0s before next page...
2026-03-20 22:02:31,049 - INFO - Scraping page 92/100
2026-03-20 22:02:36,926 - INFO - Page 92: Found 24 strategies, 0 new
2026-03-20 22:02:36,926 - INFO - Waiting 3.0s before next page...
2026-03-20 22:02:39,929 - INFO - Scraping page 93/100
2026-03-20 22:02:45,857 - INFO - Page 93: Found 24 strategies, 0 new
2026-03-20 22:02:45,857 - INFO - Waiting 3.0s before next page...
2026-03-20 22:02:48,859 - INFO - Scraping page 94/100
2026-03-20 22:02:54,707 - INFO - Page 94: Found 24 strategies, 0 new
2026-03-20 22:02:54,707 - INFO - Waiting 3.0s before next page...
2026-03-20 22:02:57,709 - INFO - Scraping page 95/100
2026-03-20 22:03:03,635 - INFO - Page 95: Found 24 strategies, 0 new
2026-03-20 22:03:03,635 - INFO - Waiting 3.0s before next page...
2026-03-20 22:03:06,637 - INFO - Scraping page 96/100
2026-03-20 22:03:12,502 - INFO - Page 96: Found 24 strategies, 0 new
2026-03-20 22:03:12,503 - INFO - Waiting 3.0s before next page...
2026-03-20 22:03:15,505 - INFO - Scraping page 97/100
2026-03-20 22:03:21,398 - INFO - Page 97: Found 24 strategies, 0 new
2026-03-20 22:03:21,398 - INFO - Waiting 3.0s before next page...
2026-03-20 22:03:24,399 - INFO - Scraping page 98/100
2026-03-20 22:03:30,324 - INFO - Page 98: Found 24 strategies, 0 new
2026-03-20 22:03:30,324 - INFO - Waiting 3.0s before next page...
2026-03-20 22:03:33,327 - INFO - Scraping page 99/100
2026-03-20 22:03:39,356 - INFO - Page 99: Found 24 strategies, 0 new
2026-03-20 22:03:39,356 - INFO - Waiting 3.0s before next page...
2026-03-20 22:03:42,359 - INFO - Scraping page 100/100
2026-03-20 22:03:48,246 - INFO - Page 100: Found 24 strategies, 0 new
2026-03-20 22:03:48,246 - INFO - Waiting 3.0s before next page...
2026-03-20 22:03:51,310 - INFO - Scraping completed! Found 1000 new strategies

✅ Scraping completed!
📊 Total strategies in database: 1000
🆕 New strategies added: 0
💾 Saved to: /Users/nyra/Projects/pyhood/scripts/tv_scraper/data/strategies.json
